<?xml version="1.0" encoding="UTF-8"?>
<!-- Generated by org.testng.reporters.JUnitReportReporter -->
<testsuite hostname="DESKTOP-9EON5N8" failures="0" tests="1" name="Link.Link2" time="9.957" errors="0" timestamp="23 May 2024 04:31:52 GMT" skipped="0">
  <testcase classname="Link.Link2" name="Link" time="9.957"/>
</testsuite> <!-- Link.Link2 -->
