<?xml version="1.0" encoding="UTF-8"?>
<!-- Generated by org.testng.reporters.JUnitReportReporter -->
<testsuite hostname="DESKTOP-9EON5N8" failures="0" tests="1" name="Link.Link4" time="32.450" errors="0" timestamp="23 May 2024 14:53:19 GMT" skipped="0">
  <testcase classname="Link.Link4" name="link" time="32.450"/>
</testsuite> <!-- Link.Link4 -->
