<?xml version="1.0" encoding="UTF-8"?>
<!-- Generated by org.testng.reporters.JUnitReportReporter -->
<testsuite hostname="DESKTOP-9EON5N8" failures="0" tests="1" name="Button.Button2" time="13.822" errors="0" timestamp="23 May 2024 03:48:07 GMT" skipped="0">
  <testcase classname="Button.Button2" name="verifyButton" time="13.822"/>
</testsuite> <!-- Button.Button2 -->
