<?xml version="1.0" encoding="UTF-8"?>
<!-- Generated by org.testng.reporters.JUnitReportReporter -->
<testsuite hostname="DESKTOP-9EON5N8" failures="0" tests="1" name="DropDown.DropDow4" time="10.990" errors="0" timestamp="24 May 2024 10:10:25 GMT" skipped="0">
  <testcase classname="DropDown.DropDow4" name="singleSelect" time="10.990"/>
</testsuite> <!-- DropDown.DropDow4 -->
