<?xml version="1.0" encoding="UTF-8"?>
<!-- Generated by org.testng.reporters.JUnitReportReporter -->
<testsuite hostname="DESKTOP-9EON5N8" failures="0" tests="1" name="WebElements.TextBox1" time="4.548" errors="0" timestamp="22 May 2024 05:37:23 GMT" skipped="0">
  <testcase classname="WebElements.TextBox1" name="textB" time="4.548"/>
</testsuite> <!-- WebElements.TextBox1 -->
