<?xml version="1.0" encoding="UTF-8"?>
<!-- Generated by org.testng.reporters.JUnitReportReporter -->
<testsuite hostname="DESKTOP-9EON5N8" failures="0" tests="1" name="WebElements.TextBox" time="5.264" errors="0" timestamp="22 May 2024 05:17:49 GMT" skipped="0">
  <testcase classname="WebElements.TextBox" name="textB" time="5.264"/>
</testsuite> <!-- WebElements.TextBox -->
