<?xml version="1.0" encoding="UTF-8"?>
<!-- Generated by org.testng.reporters.JUnitReportReporter -->
<testsuite hostname="DESKTOP-9EON5N8" failures="0" tests="1" name="DropDown.DropDow2" time="10.721" errors="0" timestamp="24 May 2024 09:53:37 GMT" skipped="0">
  <testcase classname="DropDown.DropDow2" name="singleSelect" time="10.721"/>
</testsuite> <!-- DropDown.DropDow2 -->
